<?xml version="1.0" encoding="UTF-8"?>
<!-- Generated by org.testng.reporters.JUnitReportReporter -->
<testsuite hostname="KRISH164" failures="0" tests="1" name="testng.ThirdTest" time="0.547" errors="0" timestamp="2025-05-28T13:36:11 IST" skipped="0">
  <testcase classname="testng.ThirdTest" name="display" time="0.547"/>
</testsuite> <!-- testng.ThirdTest -->
