<?xml version="1.0" encoding="UTF-8"?>
<!-- Generated by org.testng.reporters.JUnitReportReporter -->
<testsuite hostname="KRISH164" failures="0" tests="2" name="practiseflow.UsingDatapoviderannotation" time="9.019" errors="0" timestamp="2025-05-30T10:15:26 IST" skipped="0">
  <testcase classname="practiseflow.UsingDatapoviderannotation" name="action" time="4.723"/>
  <testcase classname="practiseflow.UsingDatapoviderannotation" name="action" time="4.296"/>
</testsuite> <!-- practiseflow.UsingDatapoviderannotation -->
