<?xml version="1.0" encoding="UTF-8"?>
<!-- Generated by org.testng.reporters.JUnitReportReporter -->
<testsuite hostname="Suresh794" failures="0" tests="1" name="demoqawebsite.QAWebsite" time="0.521" errors="0" timestamp="2025-07-08T19:32:55 IST" skipped="0">
  <testcase classname="demoqawebsite.QAWebsite" name="action" time="0.521"/>
</testsuite> <!-- demoqawebsite.QAWebsite -->
