<?xml version="1.0" encoding="UTF-8"?>
<!-- Generated by org.testng.reporters.JUnitReportReporter -->
<testsuite hostname="KRISH164" failures="0" tests="1" name="testng.NewTest" time="0.060" errors="0" timestamp="2025-05-28T13:07:06 IST" skipped="0">
  <testcase classname="testng.NewTest" name="f" time="0.060"/>
</testsuite> <!-- testng.NewTest -->
