<?xml version="1.0" encoding="UTF-8"?>
<!-- Generated by org.testng.reporters.JUnitReportReporter -->
<testsuite hostname="KRISH164" failures="0" tests="3" name="testng.Firstprogtestng" time="0.062" errors="0" timestamp="2025-05-28T14:46:30 IST" skipped="0">
  <testcase classname="testng.Firstprogtestng" name="close" time="0.042"/>
  <testcase classname="testng.Firstprogtestng" name="start" time="0.011"/>
  <testcase classname="testng.Firstprogtestng" name="display" time="0.009"/>
</testsuite> <!-- testng.Firstprogtestng -->
