<?xml version="1.0" encoding="UTF-8"?>
<!-- Generated by org.testng.reporters.JUnitReportReporter -->
<testsuite hostname="KRISH164" failures="0" tests="3" name="dependencies.Dependency" time="0.059" errors="0" timestamp="2025-05-28T16:57:58 IST" skipped="0">
  <testcase classname="dependencies.Dependency" name="openapp" time="0.008"/>
  <testcase classname="dependencies.Dependency" name="login" time="0.014"/>
  <testcase classname="dependencies.Dependency" name="close" time="0.037"/>
</testsuite> <!-- dependencies.Dependency -->
