<?xml version="1.0" encoding="UTF-8"?>
<!-- Generated by org.testng.reporters.JUnitReportReporter -->
<testsuite hostname="Suresh794" failures="0" tests="1" name="demoqawebsite.Makemytrip" time="1.610" errors="0" timestamp="2025-07-08T20:01:23 IST" skipped="0">
  <testcase classname="demoqawebsite.Makemytrip" name="action" time="1.610"/>
</testsuite> <!-- demoqawebsite.Makemytrip -->
