<?xml version="1.0" encoding="UTF-8"?>
<!-- Generated by org.testng.reporters.JUnitReportReporter -->
<testsuite hostname="KRISH164" failures="0" tests="1" name="practiseflow.Usingtestng" time="3.082" errors="0" timestamp="2025-05-30T10:00:52 IST" skipped="0">
  <testcase classname="practiseflow.Usingtestng" name="action" time="3.082"/>
</testsuite> <!-- practiseflow.Usingtestng -->
