<?xml version="1.0" encoding="UTF-8"?>
<!-- Generated by org.testng.reporters.JUnitReportReporter -->
<testsuite hostname="KRISH164" failures="0" tests="1" name="testng.Assetion" time="0.091" errors="0" timestamp="2025-05-28T16:10:32 IST" skipped="0">
  <testcase classname="testng.Assetion" name="dd" time="0.091"/>
</testsuite> <!-- testng.Assetion -->
